{
  "stats": {
    "suites": 1,
    "tests": 2,
    "passes": 2,
    "pending": 0,
    "failures": 0,
    "start": "2025-08-13T18:45:35.884Z",
    "end": "2025-08-13T18:45:38.733Z",
    "duration": 2849,
    "testsRegistered": 2,
    "passPercent": 100,
    "pendingPercent": 0,
    "other": 0,
    "hasOther": false,
    "skipped": 0,
    "hasSkipped": false
  },
  "results": [
    {
      "uuid": "2a7e060e-8bfd-47b1-8fc8-5b1e23b026b6",
      "title": "",
      "fullFile": "cypress\\e2e\\func_coluna.cy.js",
      "file": "cypress\\e2e\\func_coluna.cy.js",
      "beforeHooks": [],
      "afterHooks": [],
      "tests": [],
      "suites": [
        {
          "uuid": "10657112-23bd-494e-a691-78ab8e8ce1a4",
          "title": "Acesso a coluna",
          "fullFile": "",
          "file": "",
          "beforeHooks": [],
          "afterHooks": [],
          "tests": [
            {
              "title": "Criação de coluna",
              "fullTitle": "Acesso a coluna Criação de coluna",
              "timedOut": null,
              "duration": 2550,
              "state": "passed",
              "speed": "fast",
              "pass": true,
              "fail": false,
              "pending": false,
              "context": null,
              "code": "cy.log('Abrindo criador de coluna');\ncy.get('.sc-jqUVSM > .custom-input > p').click();\ncy.log('Digitando o nome e salvando');\ncy.get('.sc-gsnTZi').clear().type(nomeColuna);\ncy.get('.btn').click();\ncy.log('Validando presença e persistência');\ncy.contains(nomeColuna, {\n  timeout: 10000\n}).should('exist');\ncy.reload();\ncy.contains(nomeColuna).should('exist');\ncy.log('Coluna criada e persistente');",
              "err": {},
              "uuid": "084ed2e4-9c4a-4f35-9be7-160a9bd46c92",
              "parentUUID": "10657112-23bd-494e-a691-78ab8e8ce1a4",
              "isHook": false,
              "skipped": false
            },
            {
              "title": "Exclui a primeira coluna",
              "fullTitle": "Acesso a coluna Exclui a primeira coluna",
              "timedOut": null,
              "duration": 239,
              "state": "passed",
              "speed": "fast",
              "pass": true,
              "fail": false,
              "pending": false,
              "context": null,
              "code": "cy.get(':nth-child(1) > .header > .board-header-title').should('exist'); // Garante que existe ao menos 1 coluna\ncy.get(':nth-child(1) > .header').trigger('mouseenter', {\n  force: true\n}); // Garante que o header está visível\ncy.get(':nth-child(1) > .header svg').last().click({\n  force: true\n}); // Clica no ícone de lixeira\ncy.get(':nth-child(1) > .header > .board-header-title') // Verifica se a coluna foi removida\n.should('not.have.text', nomeColuna);",
              "err": {},
              "uuid": "3a3edec8-c16f-4f3d-90ab-d0fea83fc4c7",
              "parentUUID": "10657112-23bd-494e-a691-78ab8e8ce1a4",
              "isHook": false,
              "skipped": false
            }
          ],
          "suites": [],
          "passes": [
            "084ed2e4-9c4a-4f35-9be7-160a9bd46c92",
            "3a3edec8-c16f-4f3d-90ab-d0fea83fc4c7"
          ],
          "failures": [],
          "pending": [],
          "skipped": [],
          "duration": 2789,
          "root": false,
          "rootEmpty": false,
          "_timeout": 2000
        }
      ],
      "passes": [],
      "failures": [],
      "pending": [],
      "skipped": [],
      "duration": 0,
      "root": true,
      "rootEmpty": true,
      "_timeout": 2000
    }
  ],
  "meta": {
    "mocha": {
      "version": "7.2.0"
    },
    "mochawesome": {
      "options": {
        "quiet": false,
        "reportFilename": "mochawesome",
        "saveHtml": false,
        "saveJson": true,
        "consoleReporter": "spec",
        "useInlineDiffs": false,
        "code": true
      },
      "version": "7.1.3"
    },
    "marge": {
      "options": {
        "reportDir": "cypress/reports",
        "overwrite": false,
        "html": false,
        "json": true
      },
      "version": "6.2.0"
    }
  }
}